Started GET "/users/sign_up" for ::1 at 2019-10-05 18:09:19 +0100
  
ActionController::RoutingError (No route matches [GET] "/users/sign_up"):
  
actionpack (5.1.7) lib/action_dispatch/middleware/debug_exceptions.rb:63:in `call'
web-console (3.7.0) lib/web_console/middleware.rb:135:in `call_app'
web-console (3.7.0) lib/web_console/middleware.rb:30:in `block in call'
web-console (3.7.0) lib/web_console/middleware.rb:20:in `catch'
web-console (3.7.0) lib/web_console/middleware.rb:20:in `call'
actionpack (5.1.7) lib/action_dispatch/middleware/show_exceptions.rb:31:in `call'
railties (5.1.7) lib/rails/rack/logger.rb:36:in `call_app'
railties (5.1.7) lib/rails/rack/logger.rb:24:in `block in call'
activesupport (5.1.7) lib/active_support/tagged_logging.rb:69:in `block in tagged'
activesupport (5.1.7) lib/active_support/tagged_logging.rb:26:in `tagged'
activesupport (5.1.7) lib/active_support/tagged_logging.rb:69:in `tagged'
railties (5.1.7) lib/rails/rack/logger.rb:24:in `call'
sprockets-rails (3.2.1) lib/sprockets/rails/quiet_assets.rb:13:in `call'
actionpack (5.1.7) lib/action_dispatch/middleware/remote_ip.rb:79:in `call'
actionpack (5.1.7) lib/action_dispatch/middleware/request_id.rb:25:in `call'
rack (2.0.7) lib/rack/method_override.rb:22:in `call'
rack (2.0.7) lib/rack/runtime.rb:22:in `call'
activesupport (5.1.7) lib/active_support/cache/strategy/local_cache_middleware.rb:27:in `call'
actionpack (5.1.7) lib/action_dispatch/middleware/executor.rb:12:in `call'
actionpack (5.1.7) lib/action_dispatch/middleware/static.rb:125:in `call'
rack (2.0.7) lib/rack/sendfile.rb:111:in `call'
railties (5.1.7) lib/rails/engine.rb:522:in `call'
puma (3.12.1) lib/puma/configuration.rb:227:in `call'
puma (3.12.1) lib/puma/server.rb:660:in `handle_request'
puma (3.12.1) lib/puma/server.rb:474:in `process_client'
puma (3.12.1) lib/puma/server.rb:334:in `block in run'
puma (3.12.1) lib/puma/thread_pool.rb:135:in `block in spawn_thread'
Started GET "/" for ::1 at 2019-10-05 18:09:22 +0100
Processing by Rails::WelcomeController#index as HTML
  Rendering /Users/trishkernan/.rbenv/versions/2.3.0/lib/ruby/gems/2.3.0/gems/railties-5.1.7/lib/rails/templates/rails/welcome/index.html.erb
  Rendered /Users/trishkernan/.rbenv/versions/2.3.0/lib/ruby/gems/2.3.0/gems/railties-5.1.7/lib/rails/templates/rails/welcome/index.html.erb (4.3ms)
Completed 200 OK in 385ms (Views: 13.4ms)


Started GET "/" for ::1 at 2019-10-05 19:02:22 +0100
Processing by Rails::WelcomeController#index as HTML
  Rendering /Users/trishkernan/.rbenv/versions/2.3.0/lib/ruby/gems/2.3.0/gems/railties-5.1.7/lib/rails/templates/rails/welcome/index.html.erb
  Rendered /Users/trishkernan/.rbenv/versions/2.3.0/lib/ruby/gems/2.3.0/gems/railties-5.1.7/lib/rails/templates/rails/welcome/index.html.erb (9.8ms)
Completed 200 OK in 35ms (Views: 20.0ms)


Started GET "/" for ::1 at 2019-10-05 19:02:25 +0100
Processing by Rails::WelcomeController#index as HTML
  Rendering /Users/trishkernan/.rbenv/versions/2.3.0/lib/ruby/gems/2.3.0/gems/railties-5.1.7/lib/rails/templates/rails/welcome/index.html.erb
  Rendered /Users/trishkernan/.rbenv/versions/2.3.0/lib/ruby/gems/2.3.0/gems/railties-5.1.7/lib/rails/templates/rails/welcome/index.html.erb (4.6ms)
Completed 200 OK in 16ms (Views: 10.6ms)


Started GET "/" for ::1 at 2019-10-05 22:26:37 +0100
Processing by Rails::WelcomeController#index as HTML
  Rendering /Users/trishkernan/.rbenv/versions/2.3.0/lib/ruby/gems/2.3.0/gems/railties-5.1.7/lib/rails/templates/rails/welcome/index.html.erb
  Rendered /Users/trishkernan/.rbenv/versions/2.3.0/lib/ruby/gems/2.3.0/gems/railties-5.1.7/lib/rails/templates/rails/welcome/index.html.erb (7.0ms)
Completed 200 OK in 30ms (Views: 15.9ms)


Started GET "/about.html" for ::1 at 2019-10-06 08:06:11 +0100
  
ActionController::RoutingError (No route matches [GET] "/about.html"):
  
actionpack (5.1.7) lib/action_dispatch/middleware/debug_exceptions.rb:63:in `call'
web-console (3.7.0) lib/web_console/middleware.rb:135:in `call_app'
web-console (3.7.0) lib/web_console/middleware.rb:30:in `block in call'
web-console (3.7.0) lib/web_console/middleware.rb:20:in `catch'
web-console (3.7.0) lib/web_console/middleware.rb:20:in `call'
actionpack (5.1.7) lib/action_dispatch/middleware/show_exceptions.rb:31:in `call'
railties (5.1.7) lib/rails/rack/logger.rb:36:in `call_app'
railties (5.1.7) lib/rails/rack/logger.rb:24:in `block in call'
activesupport (5.1.7) lib/active_support/tagged_logging.rb:69:in `block in tagged'
activesupport (5.1.7) lib/active_support/tagged_logging.rb:26:in `tagged'
activesupport (5.1.7) lib/active_support/tagged_logging.rb:69:in `tagged'
railties (5.1.7) lib/rails/rack/logger.rb:24:in `call'
sprockets-rails (3.2.1) lib/sprockets/rails/quiet_assets.rb:13:in `call'
actionpack (5.1.7) lib/action_dispatch/middleware/remote_ip.rb:79:in `call'
actionpack (5.1.7) lib/action_dispatch/middleware/request_id.rb:25:in `call'
rack (2.0.7) lib/rack/method_override.rb:22:in `call'
rack (2.0.7) lib/rack/runtime.rb:22:in `call'
activesupport (5.1.7) lib/active_support/cache/strategy/local_cache_middleware.rb:27:in `call'
actionpack (5.1.7) lib/action_dispatch/middleware/executor.rb:12:in `call'
actionpack (5.1.7) lib/action_dispatch/middleware/static.rb:125:in `call'
rack (2.0.7) lib/rack/sendfile.rb:111:in `call'
railties (5.1.7) lib/rails/engine.rb:522:in `call'
puma (3.12.1) lib/puma/configuration.rb:227:in `call'
puma (3.12.1) lib/puma/server.rb:660:in `handle_request'
puma (3.12.1) lib/puma/server.rb:474:in `process_client'
puma (3.12.1) lib/puma/server.rb:334:in `block in run'
puma (3.12.1) lib/puma/thread_pool.rb:135:in `block in spawn_thread'
Started GET "/" for ::1 at 2019-10-06 20:32:18 +0100

SyntaxError - syntax error, unexpected tIDENTIFIER, expecting keyword_end
  root :to redirect('/about.html')
                   ^:
  config/routes.rb:2:in `'

Started POST "/__better_errors/ef0eca293bee84ce/variables" for ::1 at 2019-10-06 20:32:18 +0100
Started GET "/" for ::1 at 2019-10-06 20:33:41 +0100
Started GET "/about.html" for ::1 at 2019-10-06 21:30:21 +0100
  
ActionController::RoutingError (No route matches [GET] "/about.html"):
  
actionpack (5.1.7) lib/action_dispatch/middleware/debug_exceptions.rb:63:in `call'
web-console (3.7.0) lib/web_console/middleware.rb:135:in `call_app'
web-console (3.7.0) lib/web_console/middleware.rb:30:in `block in call'
web-console (3.7.0) lib/web_console/middleware.rb:20:in `catch'
web-console (3.7.0) lib/web_console/middleware.rb:20:in `call'
actionpack (5.1.7) lib/action_dispatch/middleware/show_exceptions.rb:31:in `call'
railties (5.1.7) lib/rails/rack/logger.rb:36:in `call_app'
railties (5.1.7) lib/rails/rack/logger.rb:24:in `block in call'
activesupport (5.1.7) lib/active_support/tagged_logging.rb:69:in `block in tagged'
activesupport (5.1.7) lib/active_support/tagged_logging.rb:26:in `tagged'
activesupport (5.1.7) lib/active_support/tagged_logging.rb:69:in `tagged'
railties (5.1.7) lib/rails/rack/logger.rb:24:in `call'
sprockets-rails (3.2.1) lib/sprockets/rails/quiet_assets.rb:13:in `call'
actionpack (5.1.7) lib/action_dispatch/middleware/remote_ip.rb:79:in `call'
actionpack (5.1.7) lib/action_dispatch/middleware/request_id.rb:25:in `call'
rack (2.0.7) lib/rack/method_override.rb:22:in `call'
rack (2.0.7) lib/rack/runtime.rb:22:in `call'
activesupport (5.1.7) lib/active_support/cache/strategy/local_cache_middleware.rb:27:in `call'
actionpack (5.1.7) lib/action_dispatch/middleware/executor.rb:12:in `call'
actionpack (5.1.7) lib/action_dispatch/middleware/static.rb:125:in `call'
rack (2.0.7) lib/rack/sendfile.rb:111:in `call'
railties (5.1.7) lib/rails/engine.rb:522:in `call'
puma (3.12.1) lib/puma/configuration.rb:227:in `call'
puma (3.12.1) lib/puma/server.rb:660:in `handle_request'
puma (3.12.1) lib/puma/server.rb:474:in `process_client'
puma (3.12.1) lib/puma/server.rb:334:in `block in run'
puma (3.12.1) lib/puma/thread_pool.rb:135:in `block in spawn_thread'
Started GET "/" for ::1 at 2019-10-06 21:30:24 +0100
Started GET "/about.html" for ::1 at 2019-10-06 21:30:24 +0100
  
ActionController::RoutingError (No route matches [GET] "/about.html"):
  
actionpack (5.1.7) lib/action_dispatch/middleware/debug_exceptions.rb:63:in `call'
web-console (3.7.0) lib/web_console/middleware.rb:135:in `call_app'
web-console (3.7.0) lib/web_console/middleware.rb:30:in `block in call'
web-console (3.7.0) lib/web_console/middleware.rb:20:in `catch'
web-console (3.7.0) lib/web_console/middleware.rb:20:in `call'
actionpack (5.1.7) lib/action_dispatch/middleware/show_exceptions.rb:31:in `call'
railties (5.1.7) lib/rails/rack/logger.rb:36:in `call_app'
railties (5.1.7) lib/rails/rack/logger.rb:24:in `block in call'
activesupport (5.1.7) lib/active_support/tagged_logging.rb:69:in `block in tagged'
activesupport (5.1.7) lib/active_support/tagged_logging.rb:26:in `tagged'
activesupport (5.1.7) lib/active_support/tagged_logging.rb:69:in `tagged'
railties (5.1.7) lib/rails/rack/logger.rb:24:in `call'
sprockets-rails (3.2.1) lib/sprockets/rails/quiet_assets.rb:13:in `call'
actionpack (5.1.7) lib/action_dispatch/middleware/remote_ip.rb:79:in `call'
actionpack (5.1.7) lib/action_dispatch/middleware/request_id.rb:25:in `call'
rack (2.0.7) lib/rack/method_override.rb:22:in `call'
rack (2.0.7) lib/rack/runtime.rb:22:in `call'
activesupport (5.1.7) lib/active_support/cache/strategy/local_cache_middleware.rb:27:in `call'
actionpack (5.1.7) lib/action_dispatch/middleware/executor.rb:12:in `call'
actionpack (5.1.7) lib/action_dispatch/middleware/static.rb:125:in `call'
rack (2.0.7) lib/rack/sendfile.rb:111:in `call'
railties (5.1.7) lib/rails/engine.rb:522:in `call'
puma (3.12.1) lib/puma/configuration.rb:227:in `call'
puma (3.12.1) lib/puma/server.rb:660:in `handle_request'
puma (3.12.1) lib/puma/server.rb:474:in `process_client'
puma (3.12.1) lib/puma/server.rb:334:in `block in run'
puma (3.12.1) lib/puma/thread_pool.rb:135:in `block in spawn_thread'
Started GET "/about.html" for ::1 at 2019-10-06 21:30:33 +0100
  
ActionController::RoutingError (No route matches [GET] "/about.html"):
  
actionpack (5.1.7) lib/action_dispatch/middleware/debug_exceptions.rb:63:in `call'
web-console (3.7.0) lib/web_console/middleware.rb:135:in `call_app'
web-console (3.7.0) lib/web_console/middleware.rb:30:in `block in call'
web-console (3.7.0) lib/web_console/middleware.rb:20:in `catch'
web-console (3.7.0) lib/web_console/middleware.rb:20:in `call'
actionpack (5.1.7) lib/action_dispatch/middleware/show_exceptions.rb:31:in `call'
railties (5.1.7) lib/rails/rack/logger.rb:36:in `call_app'
railties (5.1.7) lib/rails/rack/logger.rb:24:in `block in call'
activesupport (5.1.7) lib/active_support/tagged_logging.rb:69:in `block in tagged'
activesupport (5.1.7) lib/active_support/tagged_logging.rb:26:in `tagged'
activesupport (5.1.7) lib/active_support/tagged_logging.rb:69:in `tagged'
railties (5.1.7) lib/rails/rack/logger.rb:24:in `call'
sprockets-rails (3.2.1) lib/sprockets/rails/quiet_assets.rb:13:in `call'
actionpack (5.1.7) lib/action_dispatch/middleware/remote_ip.rb:79:in `call'
actionpack (5.1.7) lib/action_dispatch/middleware/request_id.rb:25:in `call'
rack (2.0.7) lib/rack/method_override.rb:22:in `call'
rack (2.0.7) lib/rack/runtime.rb:22:in `call'
activesupport (5.1.7) lib/active_support/cache/strategy/local_cache_middleware.rb:27:in `call'
actionpack (5.1.7) lib/action_dispatch/middleware/executor.rb:12:in `call'
actionpack (5.1.7) lib/action_dispatch/middleware/static.rb:125:in `call'
rack (2.0.7) lib/rack/sendfile.rb:111:in `call'
railties (5.1.7) lib/rails/engine.rb:522:in `call'
puma (3.12.1) lib/puma/configuration.rb:227:in `call'
puma (3.12.1) lib/puma/server.rb:660:in `handle_request'
puma (3.12.1) lib/puma/server.rb:474:in `process_client'
puma (3.12.1) lib/puma/server.rb:334:in `block in run'
puma (3.12.1) lib/puma/thread_pool.rb:135:in `block in spawn_thread'
Started GET "/about.html" for ::1 at 2019-10-06 21:30:41 +0100
  
ActionController::RoutingError (No route matches [GET] "/about.html"):
  
actionpack (5.1.7) lib/action_dispatch/middleware/debug_exceptions.rb:63:in `call'
web-console (3.7.0) lib/web_console/middleware.rb:135:in `call_app'
web-console (3.7.0) lib/web_console/middleware.rb:30:in `block in call'
web-console (3.7.0) lib/web_console/middleware.rb:20:in `catch'
web-console (3.7.0) lib/web_console/middleware.rb:20:in `call'
actionpack (5.1.7) lib/action_dispatch/middleware/show_exceptions.rb:31:in `call'
railties (5.1.7) lib/rails/rack/logger.rb:36:in `call_app'
railties (5.1.7) lib/rails/rack/logger.rb:24:in `block in call'
activesupport (5.1.7) lib/active_support/tagged_logging.rb:69:in `block in tagged'
activesupport (5.1.7) lib/active_support/tagged_logging.rb:26:in `tagged'
activesupport (5.1.7) lib/active_support/tagged_logging.rb:69:in `tagged'
railties (5.1.7) lib/rails/rack/logger.rb:24:in `call'
sprockets-rails (3.2.1) lib/sprockets/rails/quiet_assets.rb:13:in `call'
actionpack (5.1.7) lib/action_dispatch/middleware/remote_ip.rb:79:in `call'
actionpack (5.1.7) lib/action_dispatch/middleware/request_id.rb:25:in `call'
rack (2.0.7) lib/rack/method_override.rb:22:in `call'
rack (2.0.7) lib/rack/runtime.rb:22:in `call'
activesupport (5.1.7) lib/active_support/cache/strategy/local_cache_middleware.rb:27:in `call'
actionpack (5.1.7) lib/action_dispatch/middleware/executor.rb:12:in `call'
actionpack (5.1.7) lib/action_dispatch/middleware/static.rb:125:in `call'
rack (2.0.7) lib/rack/sendfile.rb:111:in `call'
railties (5.1.7) lib/rails/engine.rb:522:in `call'
puma (3.12.1) lib/puma/configuration.rb:227:in `call'
puma (3.12.1) lib/puma/server.rb:660:in `handle_request'
puma (3.12.1) lib/puma/server.rb:474:in `process_client'
puma (3.12.1) lib/puma/server.rb:334:in `block in run'
puma (3.12.1) lib/puma/thread_pool.rb:135:in `block in spawn_thread'
Started GET "/" for ::1 at 2019-10-06 21:30:51 +0100

NameError - uninitialized constant VisitorsController:

Started POST "/__better_errors/19118bf705fab597/variables" for ::1 at 2019-10-06 21:30:51 +0100
Started GET "/" for ::1 at 2019-10-06 21:54:55 +0100
Processing by VisitorsController#new as HTML
  Rendering visitors/new.html.erb within layouts/application
  Rendered visitors/new.html.erb within layouts/application (4.0ms)
Completed 500 Internal Server Error in 366ms



NoMethodError - undefined method `birthday' for #<Owner:0x007fae6ead2ba8>
Did you mean?  birthdate:
  app/views/visitors/new.html.erb:3:in `_app_views_visitors_new_html_erb___4548392411036902840_70193578935540'

Started POST "/__better_errors/0169a3613acbe1ea/variables" for ::1 at 2019-10-06 21:54:56 +0100
Started GET "/" for ::1 at 2019-10-06 21:55:26 +0100
Processing by VisitorsController#new as HTML
  Rendering visitors/new.html.erb within layouts/application
  Rendered visitors/new.html.erb within layouts/application (489.7ms)
Completed 500 Internal Server Error in 504ms



NameError - undefined local variable or method `owner' for #<#<Class:0x007fae6c12daf0>:0x007fae6bd55838>
Did you mean?  @owner:
  app/views/visitors/new.html.erb:4:in `_app_views_visitors_new_html_erb___4548392411036902840_70193557108300'

Started POST "/__better_errors/6f0197923a357260/variables" for ::1 at 2019-10-06 21:55:26 +0100
Started GET "/" for ::1 at 2019-10-06 21:56:03 +0100
Processing by VisitorsController#new as HTML
  Rendering visitors/new.html.erb within layouts/application
  Rendered visitors/new.html.erb within layouts/application (13.3ms)
Completed 500 Internal Server Error in 25ms



NameError - undefined local variable or method `birthdate' for #<Owner:0x007fae6d967620>
Did you mean?  birthday
               birthday:
  app/models/owner.rb:13:in `countdown'
  app/views/visitors/new.html.erb:4:in `_app_views_visitors_new_html_erb___4548392411036902840_70193569801500'

Started POST "/__better_errors/b07ff261f7174b5e/variables" for ::1 at 2019-10-06 21:56:03 +0100
Started GET "/" for ::1 at 2019-10-06 21:56:49 +0100
Processing by VisitorsController#new as HTML
  Rendering visitors/new.html.erb within layouts/application
  Rendered visitors/new.html.erb within layouts/application (6.3ms)
Completed 500 Internal Server Error in 17ms



NameError - undefined local variable or method `birthdate' for #<Owner:0x007fae6ce5e300>
Did you mean?  birthday
               birthday:
  app/models/owner.rb:13:in `countdown'
  app/views/visitors/new.html.erb:4:in `_app_views_visitors_new_html_erb___4548392411036902840_70193563986060'

Started POST "/__better_errors/b7ce98cdd58e2e73/variables" for ::1 at 2019-10-06 21:56:49 +0100
Started GET "/" for ::1 at 2019-10-06 21:58:13 +0100
Processing by VisitorsController#new as HTML
  Rendering visitors/new.html.erb within layouts/application
  Rendered visitors/new.html.erb within layouts/application (5.5ms)
Completed 500 Internal Server Error in 17ms



NoMethodError - undefined method `birthday' for #<Owner:0x007fae6bc5fa50>
Did you mean?  birthdate:
  app/views/visitors/new.html.erb:3:in `_app_views_visitors_new_html_erb___4548392411036902840_70193554581700'

Started POST "/__better_errors/8a32c07f78adcc37/variables" for ::1 at 2019-10-06 21:58:13 +0100
Started GET "/" for ::1 at 2019-10-06 21:58:34 +0100
Processing by VisitorsController#new as HTML
  Rendering visitors/new.html.erb within layouts/application
  Rendered visitors/new.html.erb within layouts/application (1.0ms)
Completed 200 OK in 369ms (Views: 366.0ms)


Started GET "/" for ::1 at 2019-10-07 12:04:33 +0100
Processing by VisitorsController#new as HTML
  Rendering visitors/new.html.erb within layouts/application
  Rendered visitors/new.html.erb within layouts/application (19.4ms)
Completed 500 Internal Server Error in 48ms



NoMethodError - undefined method `name' for nil:NilClass:
  app/views/visitors/new.html.erb:2:in `_app_views_visitors_new_html_erb___4548392411036902840_70193579754060'

Started POST "/__better_errors/ac98a0dee3813eeb/variables" for ::1 at 2019-10-07 12:04:34 +0100
Started GET "/" for ::1 at 2019-10-07 12:06:07 +0100
Processing by VisitorsController#new as HTML
  Rendering visitors/new.html.erb within layouts/application
  Rendered visitors/new.html.erb within layouts/application (6.2ms)
Completed 500 Internal Server Error in 18ms



NoMethodError - undefined method `name' for nil:NilClass:
  app/views/visitors/new.html.erb:2:in `_app_views_visitors_new_html_erb___4548392411036902840_70193569757480'

Started POST "/__better_errors/0a56f09641168c2e/variables" for ::1 at 2019-10-07 12:06:07 +0100
Started GET "/" for ::1 at 2019-10-07 12:06:26 +0100
Processing by VisitorsController#new as HTML
  Rendering visitors/new.html.erb within layouts/application
  Rendered visitors/new.html.erb within layouts/application (0.7ms)
Completed 200 OK in 42ms (Views: 37.6ms)


